Using pre-set license
Built from '2020.3/staging' branch; Version is '2020.3.17f1 (a4537701e4ab) revision 10769271'; Using compiler version '192528614'; Build Type 'Release'
OS: 'Windows 10 Home; OS build 19042.1237; Version 2009; 64bit' Language: 'en' Physical Memory: 15772 MB
BatchMode: 1, IsHumanControllingUs: 0, StartBugReporterOnCrash: 0, Is64bit: 1, IsPro: 0

COMMAND LINE ARGUMENTS:
C:\Users\Teddy\Desktop\2020.3.17f1\Editor\Unity.exe
-adb2
-batchMode
-noUpm
-name
AssetImportWorker0
-projectPath
C:/Users/Teddy/Desktop/PersonalProject/Personal Project
-logFile
Logs/AssetImportWorker0.log
-srvPort
64393
Successfully changed project path to: C:/Users/Teddy/Desktop/PersonalProject/Personal Project
C:/Users/Teddy/Desktop/PersonalProject/Personal Project
Using Asset Import Pipeline V2.
Refreshing native plugins compatible for Editor in 45.15 ms, found 2 plugins.
Preloading 0 native plugins for Editor in 0.00 ms.
Initialize engine version: 2020.3.17f1 (a4537701e4ab)
[Subsystems] Discovering subsystems at path C:/Users/Teddy/Desktop/2020.3.17f1/Editor/Data/Resources/UnitySubsystems
[Subsystems] Discovering subsystems at path C:/Users/Teddy/Desktop/PersonalProject/Personal Project/Assets
GfxDevice: creating device client; threaded=0
Direct3D:
    Version:  Direct3D 11.0 [level 11.1]
    Renderer: AMD Radeon(TM) Graphics (ID=0x164c)
    Vendor:   
    VRAM:     7886 MB
    Driver:   27.20.14048.3
Initialize mono
Mono path[0] = 'C:/Users/Teddy/Desktop/2020.3.17f1/Editor/Data/Managed'
Mono path[1] = 'C:/Users/Teddy/Desktop/2020.3.17f1/Editor/Data/MonoBleedingEdge/lib/mono/unityjit'
Mono config path = 'C:/Users/Teddy/Desktop/2020.3.17f1/Editor/Data/MonoBleedingEdge/etc'
Using monoOptions --debugger-agent=transport=dt_socket,embedding=1,server=y,suspend=n,address=127.0.0.1:56500
Begin MonoManager ReloadAssembly
Registering precompiled unity dll's ...
Register platform support module: C:/Users/Teddy/Desktop/2020.3.17f1/Editor/Data/PlaybackEngines/WebGLSupport/UnityEditor.WebGL.Extensions.dll
Register platform support module: C:/Users/Teddy/Desktop/2020.3.17f1/Editor/Data/PlaybackEngines/WindowsStandaloneSupport/UnityEditor.WindowsStandalone.Extensions.dll
Registered in 0.002017 seconds.
Native extension for WindowsStandalone target not found
Native extension for WebGL target not found
Refreshing native plugins compatible for Editor in 43.04 ms, found 2 plugins.
Preloading 0 native plugins for Editor in 0.00 ms.
Mono: successfully reloaded assembly
- Completed reload, in  1.092 seconds
Domain Reload Profiling:
	ReloadAssembly (1092ms)
		BeginReloadAssembly (49ms)
			ExecutionOrderSort (0ms)
			DisableScriptedObjects (0ms)
			BackupInstance (0ms)
			ReleaseScriptingObjects (0ms)
			CreateAndSetChildDomain (1ms)
		EndReloadAssembly (396ms)
			LoadAssemblies (48ms)
			RebuildTransferFunctionScriptingTraits (0ms)
			SetupTypeCache (138ms)
			ReleaseScriptCaches (0ms)
			RebuildScriptCaches (32ms)
			SetupLoadedEditorAssemblies (159ms)
				LogAssemblyErrors (0ms)
				InitializePlatformSupportModulesInManaged (5ms)
				SetLoadedEditorAssemblies (0ms)
				RefreshPlugins (43ms)
				BeforeProcessingInitializeOnLoad (15ms)
				ProcessInitializeOnLoadAttributes (70ms)
				ProcessInitializeOnLoadMethodAttributes (25ms)
				AfterProcessingInitializeOnLoad (0ms)
				EditorAssembliesLoaded (0ms)
			ExecutionOrderSort2 (0ms)
			AwakeInstancesAfterBackupRestoration (0ms)
Platform modules already initialized, skipping
Registering precompiled user dll's ...
Registered in 0.003537 seconds.
Begin MonoManager ReloadAssembly
Native extension for WindowsStandalone target not found
Native extension for WebGL target not found
Refreshing native plugins compatible for Editor in 0.48 ms, found 2 plugins.
Preloading 0 native plugins for Editor in 0.00 ms.
Mono: successfully reloaded assembly
- Completed reload, in  0.968 seconds
Domain Reload Profiling:
	ReloadAssembly (969ms)
		BeginReloadAssembly (130ms)
			ExecutionOrderSort (0ms)
			DisableScriptedObjects (4ms)
			BackupInstance (0ms)
			ReleaseScriptingObjects (0ms)
			CreateAndSetChildDomain (19ms)
		EndReloadAssembly (782ms)
			LoadAssemblies (72ms)
			RebuildTransferFunctionScriptingTraits (0ms)
			SetupTypeCache (240ms)
			ReleaseScriptCaches (0ms)
			RebuildScriptCaches (37ms)
			SetupLoadedEditorAssemblies (346ms)
				LogAssemblyErrors (0ms)
				InitializePlatformSupportModulesInManaged (5ms)
				SetLoadedEditorAssemblies (0ms)
				RefreshPlugins (1ms)
				BeforeProcessingInitializeOnLoad (69ms)
				ProcessInitializeOnLoadAttributes (261ms)
				ProcessInitializeOnLoadMethodAttributes (4ms)
				AfterProcessingInitializeOnLoad (5ms)
				EditorAssembliesLoaded (0ms)
			ExecutionOrderSort2 (0ms)
			AwakeInstancesAfterBackupRestoration (6ms)
Platform modules already initialized, skipping
========================================================================
Worker process is ready to serve import requests
Launched and connected shader compiler UnityShaderCompiler.exe after 0.06 seconds
Refreshing native plugins compatible for Editor in 0.50 ms, found 2 plugins.
Preloading 0 native plugins for Editor in 0.00 ms.
Unloading 1470 Unused Serialized files (Serialized files now loaded: 0)
System memory in use before: 96.5 MB.
System memory in use after: 96.3 MB.

Unloading 19 unused Assets to reduce memory usage. Loaded Objects now: 1921.
Total: 3.375000 ms (FindLiveObjects: 0.263400 ms CreateObjectMapping: 0.065100 ms MarkObjects: 2.819700 ms  DeleteObjects: 0.223700 ms)

AssetImportParameters requested are different than current active one (requested -> active):
  custom:framework-win-MediaFoundation: 216162199b28c13a410421893ffa2e32 -> 
  custom:video-decoder-ogg-theora: a1e56fd34408186e4bbccfd4996cb3dc -> 
  custom:container-muxer-webm: aa71ff27fc2769a1b78a27578f13a17b -> 
  custom:container-demuxer-webm: 4f35f7cbe854078d1ac9338744f61a02 -> 
  custom:container-demuxer-ogg: 62fdf1f143b41e24485cea50d1cbac27 -> 
  custom:video-encoder-webm-vp8: eb34c28f22e8b96e1ab97ce403110664 -> 
  custom:video-decoder-webm-vp8: 9c59270c3fd7afecdb556c50c9e8de78 -> 
  custom:audio-decoder-ogg-vorbis: bf7c407c2cedff20999df2af8eb42d56 -> 
  custom:audio-encoder-webm-vorbis: bf7c407c2cedff20999df2af8eb42d56 -> 
========================================================================
Received Import Request.
  path: Assets/Game_music/With love from Vertex Studio (1).mp3
  artifactKey: Guid(3c170c9096ba3bd4c8283600069713f5) Importer(815301076,1909f56bfc062723c751e8b465ee728b)
Start importing Assets/Game_music/With love from Vertex Studio (1).mp3 using Guid(3c170c9096ba3bd4c8283600069713f5) Importer(815301076,1909f56bfc062723c751e8b465ee728b)  -> (artifact id: 'fa68f635739c594235da6282f02d4742') in 0.200667 seconds 
  Import took 0.203438 seconds .

========================================================================
Received Import Request.
  Time since last request: 11.884480 seconds.
  path: Assets/RPG_FPS_game_assets_industrial/Barrels
  artifactKey: Guid(5e08619e167fbc04ea4c8c676ef68107) Importer(815301076,1909f56bfc062723c751e8b465ee728b)
Start importing Assets/RPG_FPS_game_assets_industrial/Barrels using Guid(5e08619e167fbc04ea4c8c676ef68107) Importer(815301076,1909f56bfc062723c751e8b465ee728b)  -> (artifact id: '3b00671271fa47781a4462937402bc33') in 0.008506 seconds 
  Import took 0.011904 seconds .

========================================================================
Received Import Request.
  Time since last request: 40.758838 seconds.
  path: Assets/RPG_FPS_game_assets_industrial/Map_v1
  artifactKey: Guid(94fdc5985e0a94447b36138bdb5bf898) Importer(815301076,1909f56bfc062723c751e8b465ee728b)
Start importing Assets/RPG_FPS_game_assets_industrial/Map_v1 using Guid(94fdc5985e0a94447b36138bdb5bf898) Importer(815301076,1909f56bfc062723c751e8b465ee728b)  -> (artifact id: '298a870b8bd9cb3be5d5f24112df31b3') in 0.008195 seconds 
  Import took 0.011699 seconds .

========================================================================
Received Import Request.
  Time since last request: 6.466873 seconds.
  path: Assets/RPG_FPS_game_assets_industrial/Oil_tanks
  artifactKey: Guid(ef06f69ba4a21a341a36bceef9fff394) Importer(815301076,1909f56bfc062723c751e8b465ee728b)
Start importing Assets/RPG_FPS_game_assets_industrial/Oil_tanks using Guid(ef06f69ba4a21a341a36bceef9fff394) Importer(815301076,1909f56bfc062723c751e8b465ee728b)  -> (artifact id: '6a475daaa12f39e7724d983aa55e6ca5') in 0.007040 seconds 
  Import took 0.019147 seconds .

========================================================================
Received Import Request.
  Time since last request: 3.878919 seconds.
  path: Assets/RPG_FPS_game_assets_industrial/Fences
  artifactKey: Guid(7023b9abea554d24f8838b3e467e6a3c) Importer(815301076,1909f56bfc062723c751e8b465ee728b)
Start importing Assets/RPG_FPS_game_assets_industrial/Fences using Guid(7023b9abea554d24f8838b3e467e6a3c) Importer(815301076,1909f56bfc062723c751e8b465ee728b)  -> (artifact id: '5b1d12dc37b21fc99e6000779d8dd36d') in 0.006583 seconds 
  Import took 0.018391 seconds .

========================================================================
Received Import Request.
  Time since last request: 0.750697 seconds.
  path: Assets/RPG_FPS_game_assets_industrial/Dumpsters
  artifactKey: Guid(062eb9e9ae635e54ab2034c2a84107b4) Importer(815301076,1909f56bfc062723c751e8b465ee728b)
Start importing Assets/RPG_FPS_game_assets_industrial/Dumpsters using Guid(062eb9e9ae635e54ab2034c2a84107b4) Importer(815301076,1909f56bfc062723c751e8b465ee728b)  -> (artifact id: '7d4a28b67251a3bba1d1a019ca02a5b6') in 0.007030 seconds 
  Import took 0.010354 seconds .

========================================================================
Received Import Request.
  Time since last request: 0.002237 seconds.
  path: Assets/RPG_FPS_game_assets_industrial/Dumpsters
  artifactKey: Guid(062eb9e9ae635e54ab2034c2a84107b4) Importer(815301076,1909f56bfc062723c751e8b465ee728b)
Start importing Assets/RPG_FPS_game_assets_industrial/Dumpsters using Guid(062eb9e9ae635e54ab2034c2a84107b4) Importer(815301076,1909f56bfc062723c751e8b465ee728b)  -> (artifact id: '7d4a28b67251a3bba1d1a019ca02a5b6') in 0.002372 seconds 
  Import took 0.014795 seconds .

========================================================================
Received Import Request.
  Time since last request: 7.049343 seconds.
  path: Assets/RPG Monster Duo PBR Polyart/Animations
  artifactKey: Guid(389170da8f2a7b54fab118388ba480a6) Importer(815301076,1909f56bfc062723c751e8b465ee728b)
Start importing Assets/RPG Monster Duo PBR Polyart/Animations using Guid(389170da8f2a7b54fab118388ba480a6) Importer(815301076,1909f56bfc062723c751e8b465ee728b)  -> (artifact id: 'bc57cea090efe2230ba7a9ce7113f997') in 0.008410 seconds 
  Import took 0.011724 seconds .

========================================================================
Received Import Request.
  Time since last request: 4.009206 seconds.
  path: Assets/RPG Monster Duo PBR Polyart/Animators
  artifactKey: Guid(af8440f9a15060a4480c02c3ab72ee6c) Importer(815301076,1909f56bfc062723c751e8b465ee728b)
Start importing Assets/RPG Monster Duo PBR Polyart/Animators using Guid(af8440f9a15060a4480c02c3ab72ee6c) Importer(815301076,1909f56bfc062723c751e8b465ee728b)  -> (artifact id: 'dee2d2c33a6216349fd774236187883f') in 0.007570 seconds 
  Import took 0.011114 seconds .

========================================================================
Received Import Request.
  Time since last request: 4.101470 seconds.
  path: Assets/RPG Monster Duo PBR Polyart/Scenes
  artifactKey: Guid(1c838ee21afece14487b460b85f39b37) Importer(815301076,1909f56bfc062723c751e8b465ee728b)
Start importing Assets/RPG Monster Duo PBR Polyart/Scenes using Guid(1c838ee21afece14487b460b85f39b37) Importer(815301076,1909f56bfc062723c751e8b465ee728b)  -> (artifact id: 'fc6ddc42c86e0aea03fcfdd4f05947a1') in 0.007882 seconds 
  Import took 0.011625 seconds .

========================================================================
Received Import Request.
  Time since last request: 0.005968 seconds.
  path: Assets/RPG Monster Duo PBR Polyart/Scenes
  artifactKey: Guid(1c838ee21afece14487b460b85f39b37) Importer(815301076,1909f56bfc062723c751e8b465ee728b)
Start importing Assets/RPG Monster Duo PBR Polyart/Scenes using Guid(1c838ee21afece14487b460b85f39b37) Importer(815301076,1909f56bfc062723c751e8b465ee728b)  -> (artifact id: 'fc6ddc42c86e0aea03fcfdd4f05947a1') in 0.002540 seconds 
  Import took 0.005344 seconds .

========================================================================
Received Import Request.
  Time since last request: 37.231249 seconds.
  path: Assets/_TerrainAutoUpgrade/layer_GrassUV01GrassUV01_Nd668f1e20ece139b.terrainlayer
  artifactKey: Guid(573393913db69484f8f4341192f71b68) Importer(815301076,1909f56bfc062723c751e8b465ee728b)
Start importing Assets/_TerrainAutoUpgrade/layer_GrassUV01GrassUV01_Nd668f1e20ece139b.terrainlayer using Guid(573393913db69484f8f4341192f71b68) Importer(815301076,1909f56bfc062723c751e8b465ee728b)  -> (artifact id: 'f8f6611867e49866c4199c2750721349') in 0.022491 seconds 
  Import took 0.025209 seconds .

========================================================================
Received Import Request.
  Time since last request: 0.001124 seconds.
  path: Assets/_TerrainAutoUpgrade/layer_GrassUV01GrassUV01_Nd668f1e20ece139b.terrainlayer
  artifactKey: Guid(573393913db69484f8f4341192f71b68) Importer(815301076,1909f56bfc062723c751e8b465ee728b)
Start importing Assets/_TerrainAutoUpgrade/layer_GrassUV01GrassUV01_Nd668f1e20ece139b.terrainlayer using Guid(573393913db69484f8f4341192f71b68) Importer(815301076,1909f56bfc062723c751e8b465ee728b)  -> (artifact id: 'f8f6611867e49866c4199c2750721349') in 0.004643 seconds 
  Import took 0.007906 seconds .

AssetImportWorkerClient::OnTransportError - code=2 error=End of file
